#
# There is insufficient memory for the Java Runtime Environment to continue.
# Native memory allocation (malloc) failed to allocate 1048576 bytes. Error detail: AllocateHeap
# Possible reasons:
#   The system is out of physical RAM or swap space
#   This process is running with CompressedOops enabled, and the Java Heap may be blocking the growth of the native heap
# Possible solutions:
#   Reduce memory load on the system
#   Increase physical memory or swap space
#   Check if swap backing store is full
#   Decrease Java heap size (-Xmx/-Xms)
#   Decrease number of Java threads
#   Decrease Java thread stack sizes (-Xss)
#   Set larger code cache with -XX:ReservedCodeCacheSize=
#   JVM is running with Unscaled Compressed Oops mode in which the Java heap is
#     placed in the first 4GB address space. The Java Heap base address is the
#     maximum limit for the native heap growth. Please use -XX:HeapBaseMinAddress
#     to set the Java Heap base and to place the Java Heap above 4GB virtual address.
# This output file may be truncated or incomplete.
#
#  Out of Memory Error (allocation.cpp:44), pid=7816, tid=11888
#
# JRE version: OpenJDK Runtime Environment Temurin-21.0.9+10 (21.0.9+10) (build 21.0.9+10-LTS)
# Java VM: OpenJDK 64-Bit Server VM Temurin-21.0.9+10 (21.0.9+10-LTS, mixed mode, sharing, tiered, compressed oops, compressed class ptrs, parallel gc, windows-amd64)
# No core dump will be written. Minidumps are not enabled by default on client versions of Windows
#

---------------  S U M M A R Y ------------

Command Line: --add-modules=ALL-SYSTEM --add-opens=java.base/java.util=ALL-UNNAMED --add-opens=java.base/java.lang=ALL-UNNAMED --add-opens=java.base/sun.nio.fs=ALL-UNNAMED -Declipse.application=org.eclipse.jdt.ls.core.id1 -Dosgi.bundles.defaultStartLevel=4 -Declipse.product=org.eclipse.jdt.ls.core.product -Djava.import.generatesMetadataFilesAtProjectRoot=false -DDetectVMInstallationsJob.disabled=true -Dfile.encoding=utf8 -XX:+UseParallelGC -XX:GCTimeRatio=4 -XX:AdaptiveSizePolicyWeight=90 -Dsun.zip.disableMemoryMapping=true -Xmx2G -Xms100m -Xlog:disable -javaagent:c:\Users\vince\.vscode\extensions\redhat.java-1.51.2025123108-win32-x64\lombok\lombok-1.18.39-4050.jar -XX:+HeapDumpOnOutOfMemoryError -XX:HeapDumpPath=c:\Users\vince\AppData\Roaming\Code\User\workspaceStorage\912498d1c3dc78b63a90bcac8d176a4b\redhat.java -Daether.dependencyCollector.impl=bf -XX:+UnlockDiagnosticVMOptions -XX:+AllowArchivingWithJavaAgent -XX:+AutoCreateSharedArchive -XX:SharedArchiveFile=c:\Users\vince\AppData\Roaming\Code\User\globalStorage\redhat.java\1.51.2025123108\jdtls.jsa c:\Users\vince\.vscode\extensions\redhat.java-1.51.2025123108-win32-x64\server\plugins\org.eclipse.equinox.launcher_1.7.100.v20251111-0406.jar -configuration c:\Users\vince\AppData\Roaming\Code\User\globalStorage\redhat.java\1.51.2025123108\config_win -data c:\Users\vince\AppData\Roaming\Code\User\workspaceStorage\912498d1c3dc78b63a90bcac8d176a4b\redhat.java\jdt_ws --pipe=\\.\pipe\lsp-3309493235a0fdfd39dc87094378a579-sock

Host: AMD Ryzen 5 5500U with Radeon Graphics         , 12 cores, 5G,  Windows 11 , 64 bit Build 22621 (10.0.22621.5415)
Time: Sun Jan  4 00:02:31 2026 Malay Peninsula Standard Time elapsed time: 1380.691301 seconds (0d 0h 23m 0s)

---------------  T H R E A D  ---------------

Current thread (0x000001e5e70086c0):  JavaThread "Attach Listener" daemon [_thread_in_vm, id=11888, stack(0x00000055dd700000,0x00000055dd800000) (1024K)]

Stack: [0x00000055dd700000,0x00000055dd800000]
Native frames: (J=compiled Java code, j=interpreted, Vv=VM code, C=native code)
V  [jvm.dll+0x6d6e29]
V  [jvm.dll+0x8b4b76]
V  [jvm.dll+0x8b712e]
V  [jvm.dll+0x8b7813]
V  [jvm.dll+0x283d86]
V  [jvm.dll+0xc1277]
V  [jvm.dll+0x6d76d9]
V  [jvm.dll+0x133466]
V  [jvm.dll+0x3f7ea6]
V  [jvm.dll+0x85e9ad]
V  [jvm.dll+0x6d565d]
C  [ucrtbase.dll+0x29333]
C  [KERNEL32.DLL+0x1259d]
C  [ntdll.dll+0x5af78]


---------------  P R O C E S S  ---------------

Threads class SMR info:
_java_thread_list=0x000001e5e8cc64b0, length=39, elements={
0x000001e58446d5e0, 0x000001e5e70044b0, 0x000001e5e7005360, 0x000001e5e7007a70,
0x000001e5e70086c0, 0x000001e5e7009da0, 0x000001e5e70167c0, 0x000001e5e701e8b0,
0x000001e5e701ef50, 0x000001e5e7016130, 0x000001e5e7016e50, 0x000001e5e7018890,
0x000001e5e70174e0, 0x000001e5e70195b0, 0x000001e5e7017b70, 0x000001e5e7018200,
0x000001e5e7018f20, 0x000001e5e706edd0, 0x000001e5e706faf0, 0x000001e5e706cd00,
0x000001e5e706e0b0, 0x000001e5e70728e0, 0x000001e5e706f460, 0x000001e5e706e740,
0x000001e5e7071bc0, 0x000001e5e706d390, 0x000001e5e7074320, 0x000001e5e7072250,
0x000001e5e7073c90, 0x000001e5e7070180, 0x000001e5e7070810, 0x000001e5e7072f70,
0x000001e5e7071530, 0x000001e5e706da20, 0x000001e5e96b5a60, 0x000001e5e96b9570,
0x000001e5e96bb640, 0x000001e5e96b9c00, 0x000001e5e96ba290
}

Java Threads: ( => current thread )
  0x000001e58446d5e0 JavaThread "main"                              [_thread_blocked, id=5564, stack(0x00000055dd000000,0x00000055dd100000) (1024K)]
  0x000001e5e70044b0 JavaThread "Reference Handler"          daemon [_thread_blocked, id=19748, stack(0x00000055dd400000,0x00000055dd500000) (1024K)]
  0x000001e5e7005360 JavaThread "Finalizer"                  daemon [_thread_blocked, id=15744, stack(0x00000055dd500000,0x00000055dd600000) (1024K)]
  0x000001e5e7007a70 JavaThread "Signal Dispatcher"          daemon [_thread_blocked, id=19048, stack(0x00000055dd600000,0x00000055dd700000) (1024K)]
=>0x000001e5e70086c0 JavaThread "Attach Listener"            daemon [_thread_in_vm, id=11888, stack(0x00000055dd700000,0x00000055dd800000) (1024K)]
  0x000001e5e7009da0 JavaThread "Service Thread"             daemon [_thread_blocked, id=11916, stack(0x00000055dd800000,0x00000055dd900000) (1024K)]
  0x000001e5e70167c0 JavaThread "Monitor Deflation Thread"   daemon [_thread_blocked, id=21316, stack(0x00000055dd900000,0x00000055dda00000) (1024K)]
  0x000001e5e701e8b0 JavaThread "C2 CompilerThread0"         daemon [_thread_blocked, id=16620, stack(0x00000055dda00000,0x00000055ddb00000) (1024K)]
  0x000001e5e701ef50 JavaThread "C1 CompilerThread0"         daemon [_thread_blocked, id=8984, stack(0x00000055ddb00000,0x00000055ddc00000) (1024K)]
  0x000001e5e7016130 JavaThread "Common-Cleaner"             daemon [_thread_blocked, id=4380, stack(0x00000055ddc00000,0x00000055ddd00000) (1024K)]
  0x000001e5e7016e50 JavaThread "Notification Thread"        daemon [_thread_blocked, id=20608, stack(0x00000055dde00000,0x00000055ddf00000) (1024K)]
  0x000001e5e7018890 JavaThread "Active Thread: Equinox Container: 206a8929-e08b-4c7d-b3a7-980d83b5fa59"        [_thread_blocked, id=4396, stack(0x00000055de500000,0x00000055de600000) (1024K)]
  0x000001e5e70174e0 JavaThread "Refresh Thread: Equinox Container: 206a8929-e08b-4c7d-b3a7-980d83b5fa59" daemon [_thread_blocked, id=5764, stack(0x00000055de600000,0x00000055de700000) (1024K)]
  0x000001e5e70195b0 JavaThread "Framework Event Dispatcher: Equinox Container: 206a8929-e08b-4c7d-b3a7-980d83b5fa59" daemon [_thread_blocked, id=20616, stack(0x00000055de800000,0x00000055de900000) (1024K)]
  0x000001e5e7017b70 JavaThread "Start Level: Equinox Container: 206a8929-e08b-4c7d-b3a7-980d83b5fa59" daemon [_thread_blocked, id=17864, stack(0x00000055de900000,0x00000055dea00000) (1024K)]
  0x000001e5e7018200 JavaThread "Bundle File Closer"         daemon [_thread_blocked, id=18496, stack(0x00000055dec00000,0x00000055ded00000) (1024K)]
  0x000001e5e7018f20 JavaThread "SCR Component Actor"        daemon [_thread_blocked, id=19648, stack(0x00000055ded00000,0x00000055dee00000) (1024K)]
  0x000001e5e706edd0 JavaThread "Worker-JM"                         [_thread_blocked, id=20080, stack(0x00000055dee00000,0x00000055def00000) (1024K)]
  0x000001e5e706faf0 JavaThread "JNA Cleaner"                daemon [_thread_blocked, id=18544, stack(0x00000055def00000,0x00000055df000000) (1024K)]
  0x000001e5e706cd00 JavaThread "Worker-1"                          [_thread_blocked, id=20108, stack(0x00000055df100000,0x00000055df200000) (1024K)]
  0x000001e5e706e0b0 JavaThread "Java indexing"              daemon [_thread_blocked, id=1628, stack(0x00000055df400000,0x00000055df500000) (1024K)]
  0x000001e5e70728e0 JavaThread "Worker-3"                          [_thread_blocked, id=17956, stack(0x00000055df700000,0x00000055df800000) (1024K)]
  0x000001e5e706f460 JavaThread "Thread-1"                   daemon [_thread_in_native, id=3912, stack(0x00000055df800000,0x00000055df900000) (1024K)]
  0x000001e5e706e740 JavaThread "Thread-2"                   daemon [_thread_in_native, id=17656, stack(0x00000055df900000,0x00000055dfa00000) (1024K)]
  0x000001e5e7071bc0 JavaThread "Thread-3"                   daemon [_thread_in_native, id=20592, stack(0x00000055dfa00000,0x00000055dfb00000) (1024K)]
  0x000001e5e706d390 JavaThread "Thread-4"                   daemon [_thread_in_native, id=5344, stack(0x00000055dfb00000,0x00000055dfc00000) (1024K)]
  0x000001e5e7074320 JavaThread "Thread-5"                   daemon [_thread_in_native, id=8212, stack(0x00000055dfc00000,0x00000055dfd00000) (1024K)]
  0x000001e5e7072250 JavaThread "Thread-6"                   daemon [_thread_in_native, id=4000, stack(0x00000055dfd00000,0x00000055dfe00000) (1024K)]
  0x000001e5e7073c90 JavaThread "Thread-7"                   daemon [_thread_in_native, id=19460, stack(0x00000055dfe00000,0x00000055dff00000) (1024K)]
  0x000001e5e7070180 JavaThread "Thread-8"                   daemon [_thread_in_native, id=10460, stack(0x00000055dff00000,0x00000055e0000000) (1024K)]
  0x000001e5e7070810 JavaThread "Thread-9"                   daemon [_thread_in_native, id=13148, stack(0x00000055e0000000,0x00000055e0100000) (1024K)]
  0x000001e5e7072f70 JavaThread "Thread-10"                  daemon [_thread_in_native, id=8628, stack(0x00000055e0100000,0x00000055e0200000) (1024K)]
  0x000001e5e7071530 JavaThread "Thread-11"                  daemon [_thread_in_native, id=18400, stack(0x00000055e0200000,0x00000055e0300000) (1024K)]
  0x000001e5e706da20 JavaThread "Thread-12"                  daemon [_thread_in_native, id=18300, stack(0x00000055e0300000,0x00000055e0400000) (1024K)]
  0x000001e5e96b5a60 JavaThread "Thread-13"                  daemon [_thread_in_native, id=8760, stack(0x00000055e0400000,0x00000055e0500000) (1024K)]
  0x000001e5e96b9570 JavaThread "pool-2-thread-1"                   [_thread_blocked, id=8264, stack(0x00000055e0700000,0x00000055e0800000) (1024K)]
  0x000001e5e96bb640 JavaThread "WorkspaceEventsHandler"            [_thread_blocked, id=20012, stack(0x00000055e0800000,0x00000055e0900000) (1024K)]
  0x000001e5e96b9c00 JavaThread "pool-1-thread-1"                   [_thread_blocked, id=7284, stack(0x00000055e0900000,0x00000055e0a00000) (1024K)]
  0x000001e5e96ba290 JavaThread "Timer-0"                           [_thread_blocked, id=19356, stack(0x00000055df300000,0x00000055df400000) (1024K)]
Total: 39

Other Threads:
  0x000001e58452ead0 VMThread "VM Thread"                           [id=9372, stack(0x00000055dd300000,0x00000055dd400000) (1024K)]
  0x000001e59adfca00 WatcherThread "VM Periodic Task Thread"        [id=15196, stack(0x00000055dd200000,0x00000055dd300000) (1024K)]
  0x000001e58448c8c0 WorkerThread "GC Thread#0"                     [id=15400, stack(0x00000055dd100000,0x00000055dd200000) (1024K)]
  0x000001e5e744e150 WorkerThread "GC Thread#1"                     [id=17124, stack(0x00000055ddf00000,0x00000055de000000) (1024K)]
  0x000001e5e744e4f0 WorkerThread "GC Thread#2"                     [id=20752, stack(0x00000055de000000,0x00000055de100000) (1024K)]
  0x000001e5e7807790 WorkerThread "GC Thread#3"                     [id=7012, stack(0x00000055de100000,0x00000055de200000) (1024K)]
  0x000001e5e7807b30 WorkerThread "GC Thread#4"                     [id=2120, stack(0x00000055de200000,0x00000055de300000) (1024K)]
  0x000001e5e76a0610 WorkerThread "GC Thread#5"                     [id=17484, stack(0x00000055de300000,0x00000055de400000) (1024K)]
  0x000001e5e76a0db0 WorkerThread "GC Thread#6"                     [id=9384, stack(0x00000055de400000,0x00000055de500000) (1024K)]
  0x000001e5e798ad20 WorkerThread "GC Thread#7"                     [id=20576, stack(0x00000055de700000,0x00000055de800000) (1024K)]
  0x000001e5e7bef440 WorkerThread "GC Thread#8"                     [id=21352, stack(0x00000055dea00000,0x00000055deb00000) (1024K)]
  0x000001e5e7bef7e0 WorkerThread "GC Thread#9"                     [id=9944, stack(0x00000055deb00000,0x00000055dec00000) (1024K)]
Total: 12

Threads with active compile tasks:
Total: 0

VM state: not at safepoint (normal execution)

VM Mutex/Monitor currently owned by a thread: None

Heap address: 0x0000000080000000, size: 2048 MB, Compressed Oops mode: 32-bit

CDS archive(s) mapped at: [0x000001e59b000000-0x000001e59bba0000-0x000001e5a0090000), size 84475904, SharedBaseAddress: 0x000001e59b000000, ArchiveRelocationMode: 1.
Compressed class space mapped at: 0x000001e5a1000000-0x000001e5e1000000, reserved size: 1073741824
Narrow klass base: 0x000001e59b000000, Narrow klass shift: 0, Narrow klass range: 0x100000000

GC Precious Log:
 CardTable entry size: 512
 CPUs: 12 total, 12 available
 Memory: 5989M
 Large Page Support: Disabled
 NUMA Support: Disabled
 Compressed Oops: Enabled (32-bit)
 Alignments: Space 512K, Generation 512K, Heap 2M
 Heap Min Capacity: 100M
 Heap Initial Capacity: 100M
 Heap Max Capacity: 2G
 Pre-touch: Disabled
 Parallel Workers: 10

Heap:
 PSYoungGen      total 11264K, used 11046K [0x00000000d5580000, 0x00000000d6180000, 0x0000000100000000)
  eden space 10752K, 99% used [0x00000000d5580000,0x00000000d5fe9a58,0x00000000d6000000)
  from space 512K, 75% used [0x00000000d6100000,0x00000000d6160000,0x00000000d6180000)
  to   space 512K, 0% used [0x00000000d6080000,0x00000000d6080000,0x00000000d6100000)
 ParOldGen       total 568320K, used 568061K [0x0000000080000000, 0x00000000a2b00000, 0x00000000d5580000)
  object space 568320K, 99% used [0x0000000080000000,0x00000000a2abf660,0x00000000a2b00000)
 Metaspace       used 19807K, committed 20672K, reserved 1114112K
  class space    used 1689K, committed 2048K, reserved 1048576K

Card table byte_map: [0x000001e583e10000,0x000001e584220000] _byte_map_base: 0x000001e583a10000

Marking Bits: (ParMarkBitMap*) 0x00007ff9b4d22460
 Begin Bits: [0x000001e596920000, 0x000001e598920000)
 End Bits:   [0x000001e598920000, 0x000001e59a920000)

Polling page: 0x000001e582330000

Metaspace:

Usage:
  Non-class:     17.69 MB used.
      Class:      1.65 MB used.
       Both:     19.34 MB used.

Virtual space:
  Non-class space:       64.00 MB reserved,      18.19 MB ( 28%) committed,  1 nodes.
      Class space:        1.00 GB reserved,       2.00 MB ( <1%) committed,  1 nodes.
             Both:        1.06 GB reserved,      20.19 MB (  2%) committed. 

Chunk freelists:
   Non-Class:  13.69 MB
       Class:  13.95 MB
        Both:  27.64 MB

MaxMetaspaceSize: unlimited
CompressedClassSpaceSize: 1.00 GB
Initial GC threshold: 21.00 MB
Current GC threshold: 21.00 MB
CDS: on
 - commit_granule_bytes: 65536.
 - commit_granule_words: 8192.
 - virtual_space_node_default_size: 8388608.
 - enlarge_chunks_in_place: 1.
 - use_allocation_guard: 0.


Internal statistics:

num_allocs_failed_limit: 0.
num_arena_births: 708.
num_arena_deaths: 0.
num_vsnodes_births: 2.
num_vsnodes_deaths: 0.
num_space_committed: 323.
num_space_uncommitted: 0.
num_chunks_returned_to_freelist: 0.
num_chunks_taken_from_freelist: 1693.
num_chunk_merges: 0.
num_chunk_splits: 1006.
num_chunks_enlarged: 533.
num_inconsistent_stats: 0.

CodeHeap 'non-profiled nmethods': size=120000Kb used=8036Kb max_used=8036Kb free=111963Kb
 bounds [0x000001e58f140000, 0x000001e58f920000, 0x000001e596670000]
CodeHeap 'profiled nmethods': size=120000Kb used=25357Kb max_used=25357Kb free=94642Kb
 bounds [0x000001e587670000, 0x000001e588f40000, 0x000001e58eba0000]
CodeHeap 'non-nmethods': size=5760Kb used=1450Kb max_used=1547Kb free=4309Kb
 bounds [0x000001e58eba0000, 0x000001e58ee10000, 0x000001e58f140000]
CodeCache: size=245760Kb, used=34843Kb, max_used=34940Kb, free=210914Kb
 total_blobs=12841, nmethods=12079, adapters=668, full_count=0
Compilation: enabled, stopped_count=0, restarted_count=0

Compilation events (20 events):
Event: 1310.503 Thread 0x000001e5e701ef50 nmethod 12086 0x000001e58f90e410 code [0x000001e58f90e5a0, 0x000001e58f90e680]
Event: 1310.503 Thread 0x000001e5e701ef50 12087       1       org.eclipse.core.internal.events.InternalBuilder::wasForgetStateRequested (5 bytes)
Event: 1310.504 Thread 0x000001e5e701ef50 nmethod 12087 0x000001e58f90e710 code [0x000001e58f90e8a0, 0x000001e58f90e970]
Event: 1310.505 Thread 0x000001e5e701ef50 12089       3       org.eclipse.core.internal.events.ResourceDeltaFactory::createDelta (249 bytes)
Event: 1310.510 Thread 0x000001e5e701ef50 nmethod 12089 0x000001e588f30990 code [0x000001e588f30c40, 0x000001e588f31bf8]
Event: 1310.510 Thread 0x000001e5e701e8b0 nmethod 12084 0x000001e58f90ea10 code [0x000001e58f90ebe0, 0x000001e58f90f1c0]
Event: 1310.510 Thread 0x000001e5e701ef50 12090       3       org.eclipse.core.internal.dtree.DataTreeNode::copy (69 bytes)
Event: 1310.511 Thread 0x000001e5e701e8b0 12091       4       org.eclipse.core.internal.dtree.AbstractDataTreeNode::compareWithParent (133 bytes)
Event: 1310.511 Thread 0x000001e5e701ef50 nmethod 12090 0x000001e588f32110 code [0x000001e588f32300, 0x000001e588f32808]
Event: 1310.511 Thread 0x000001e5e701ef50 12088       1       org.eclipse.core.internal.events.InternalBuilder::wasRememberStateRequested (5 bytes)
Event: 1310.511 Thread 0x000001e5e701ef50 nmethod 12088 0x000001e58f90f590 code [0x000001e58f90f720, 0x000001e58f90f7f0]
Event: 1310.532 Thread 0x000001e5e701ef50 12093       1       org.eclipse.lsp4j.jsonrpc.messages.NotificationMessage::getMethod (5 bytes)
Event: 1310.533 Thread 0x000001e5e701ef50 nmethod 12093 0x000001e58f90f890 code [0x000001e58f90fa20, 0x000001e58f90fae8]
Event: 1311.074 Thread 0x000001e5e701e8b0 nmethod 12091 0x000001e58f90fb90 code [0x000001e58f910160, 0x000001e58f915738]
Event: 1311.075 Thread 0x000001e5e701e8b0 12092       4       org.eclipse.core.internal.dtree.AbstractDataTreeNode::assembleWith (177 bytes)
Event: 1311.087 Thread 0x000001e5e701e8b0 nmethod 12092 0x000001e58f918310 code [0x000001e58f918560, 0x000001e58f918d90]
Event: 1322.498 Thread 0x000001e5e701ef50 12094       3       java.util.concurrent.locks.AbstractQueuedSynchronizer$ConditionObject::unlinkCancelledWaiters (91 bytes)
Event: 1322.499 Thread 0x000001e5e701ef50 nmethod 12094 0x000001e588f32a10 code [0x000001e588f32bc0, 0x000001e588f32f50]
Event: 1341.047 Thread 0x000001e5e701ef50 12095       3       java.lang.Module::getClassLoader (20 bytes)
Event: 1341.049 Thread 0x000001e5e701ef50 nmethod 12095 0x000001e588f33090 code [0x000001e588f33240, 0x000001e588f33438]

GC Heap History (20 events):
Event: 291.072 GC heap before
{Heap before GC invocations=485 (full 0):
 PSYoungGen      total 11776K, used 11680K [0x00000000d5580000, 0x00000000d6180000, 0x0000000100000000)
  eden space 11264K, 100% used [0x00000000d5580000,0x00000000d6080000,0x00000000d6080000)
  from space 512K, 81% used [0x00000000d6100000,0x00000000d6168000,0x00000000d6180000)
  to   space 512K, 0% used [0x00000000d6080000,0x00000000d6080000,0x00000000d6100000)
 ParOldGen       total 552960K, used 552806K [0x0000000080000000, 0x00000000a1c00000, 0x00000000d5580000)
  object space 552960K, 99% used [0x0000000080000000,0x00000000a1bd9978,0x00000000a1c00000)
 Metaspace       used 19418K, committed 20288K, reserved 1114112K
  class space    used 1663K, committed 2048K, reserved 1048576K
}
Event: 291.073 GC heap after
{Heap after GC invocations=485 (full 0):
 PSYoungGen      total 11776K, used 416K [0x00000000d5580000, 0x00000000d6180000, 0x0000000100000000)
  eden space 11264K, 0% used [0x00000000d5580000,0x00000000d5580000,0x00000000d6080000)
  from space 512K, 81% used [0x00000000d6080000,0x00000000d60e8000,0x00000000d6100000)
  to   space 512K, 0% used [0x00000000d6100000,0x00000000d6100000,0x00000000d6180000)
 ParOldGen       total 553472K, used 553102K [0x0000000080000000, 0x00000000a1c80000, 0x00000000d5580000)
  object space 553472K, 99% used [0x0000000080000000,0x00000000a1c23978,0x00000000a1c80000)
 Metaspace       used 19418K, committed 20288K, reserved 1114112K
  class space    used 1663K, committed 2048K, reserved 1048576K
}
Event: 291.084 GC heap before
{Heap before GC invocations=486 (full 0):
 PSYoungGen      total 11776K, used 11680K [0x00000000d5580000, 0x00000000d6180000, 0x0000000100000000)
  eden space 11264K, 100% used [0x00000000d5580000,0x00000000d6080000,0x00000000d6080000)
  from space 512K, 81% used [0x00000000d6080000,0x00000000d60e8000,0x00000000d6100000)
  to   space 512K, 0% used [0x00000000d6100000,0x00000000d6100000,0x00000000d6180000)
 ParOldGen       total 553472K, used 553102K [0x0000000080000000, 0x00000000a1c80000, 0x00000000d5580000)
  object space 553472K, 99% used [0x0000000080000000,0x00000000a1c23978,0x00000000a1c80000)
 Metaspace       used 19418K, committed 20288K, reserved 1114112K
  class space    used 1663K, committed 2048K, reserved 1048576K
}
Event: 291.086 GC heap after
{Heap after GC invocations=486 (full 0):
 PSYoungGen      total 11776K, used 448K [0x00000000d5580000, 0x00000000d6180000, 0x0000000100000000)
  eden space 11264K, 0% used [0x00000000d5580000,0x00000000d5580000,0x00000000d6080000)
  from space 512K, 87% used [0x00000000d6100000,0x00000000d6170000,0x00000000d6180000)
  to   space 512K, 0% used [0x00000000d6080000,0x00000000d6080000,0x00000000d6100000)
 ParOldGen       total 553472K, used 553414K [0x0000000080000000, 0x00000000a1c80000, 0x00000000d5580000)
  object space 553472K, 99% used [0x0000000080000000,0x00000000a1c71978,0x00000000a1c80000)
 Metaspace       used 19418K, committed 20288K, reserved 1114112K
  class space    used 1663K, committed 2048K, reserved 1048576K
}
Event: 291.096 GC heap before
{Heap before GC invocations=487 (full 0):
 PSYoungGen      total 11776K, used 11712K [0x00000000d5580000, 0x00000000d6180000, 0x0000000100000000)
  eden space 11264K, 100% used [0x00000000d5580000,0x00000000d6080000,0x00000000d6080000)
  from space 512K, 87% used [0x00000000d6100000,0x00000000d6170000,0x00000000d6180000)
  to   space 512K, 0% used [0x00000000d6080000,0x00000000d6080000,0x00000000d6100000)
 ParOldGen       total 553472K, used 553414K [0x0000000080000000, 0x00000000a1c80000, 0x00000000d5580000)
  object space 553472K, 99% used [0x0000000080000000,0x00000000a1c71978,0x00000000a1c80000)
 Metaspace       used 19418K, committed 20288K, reserved 1114112K
  class space    used 1663K, committed 2048K, reserved 1048576K
}
Event: 291.097 GC heap after
{Heap after GC invocations=487 (full 0):
 PSYoungGen      total 11776K, used 448K [0x00000000d5580000, 0x00000000d6180000, 0x0000000100000000)
  eden space 11264K, 0% used [0x00000000d5580000,0x00000000d5580000,0x00000000d6080000)
  from space 512K, 87% used [0x00000000d6080000,0x00000000d60f0000,0x00000000d6100000)
  to   space 512K, 0% used [0x00000000d6100000,0x00000000d6100000,0x00000000d6180000)
 ParOldGen       total 553984K, used 553750K [0x0000000080000000, 0x00000000a1d00000, 0x00000000d5580000)
  object space 553984K, 99% used [0x0000000080000000,0x00000000a1cc5978,0x00000000a1d00000)
 Metaspace       used 19418K, committed 20288K, reserved 1114112K
  class space    used 1663K, committed 2048K, reserved 1048576K
}
Event: 291.107 GC heap before
{Heap before GC invocations=488 (full 0):
 PSYoungGen      total 11776K, used 11712K [0x00000000d5580000, 0x00000000d6180000, 0x0000000100000000)
  eden space 11264K, 100% used [0x00000000d5580000,0x00000000d6080000,0x00000000d6080000)
  from space 512K, 87% used [0x00000000d6080000,0x00000000d60f0000,0x00000000d6100000)
  to   space 512K, 0% used [0x00000000d6100000,0x00000000d6100000,0x00000000d6180000)
 ParOldGen       total 553984K, used 553750K [0x0000000080000000, 0x00000000a1d00000, 0x00000000d5580000)
  object space 553984K, 99% used [0x0000000080000000,0x00000000a1cc5978,0x00000000a1d00000)
 Metaspace       used 19418K, committed 20288K, reserved 1114112K
  class space    used 1663K, committed 2048K, reserved 1048576K
}
Event: 291.109 GC heap after
{Heap after GC invocations=488 (full 0):
 PSYoungGen      total 11776K, used 352K [0x00000000d5580000, 0x00000000d6180000, 0x0000000100000000)
  eden space 11264K, 0% used [0x00000000d5580000,0x00000000d5580000,0x00000000d6080000)
  from space 512K, 68% used [0x00000000d6100000,0x00000000d6158000,0x00000000d6180000)
  to   space 512K, 0% used [0x00000000d6080000,0x00000000d6080000,0x00000000d6100000)
 ParOldGen       total 554496K, used 554062K [0x0000000080000000, 0x00000000a1d80000, 0x00000000d5580000)
  object space 554496K, 99% used [0x0000000080000000,0x00000000a1d13978,0x00000000a1d80000)
 Metaspace       used 19418K, committed 20288K, reserved 1114112K
  class space    used 1663K, committed 2048K, reserved 1048576K
}
Event: 291.120 GC heap before
{Heap before GC invocations=489 (full 0):
 PSYoungGen      total 11776K, used 11616K [0x00000000d5580000, 0x00000000d6180000, 0x0000000100000000)
  eden space 11264K, 100% used [0x00000000d5580000,0x00000000d6080000,0x00000000d6080000)
  from space 512K, 68% used [0x00000000d6100000,0x00000000d6158000,0x00000000d6180000)
  to   space 512K, 0% used [0x00000000d6080000,0x00000000d6080000,0x00000000d6100000)
 ParOldGen       total 554496K, used 554062K [0x0000000080000000, 0x00000000a1d80000, 0x00000000d5580000)
  object space 554496K, 99% used [0x0000000080000000,0x00000000a1d13978,0x00000000a1d80000)
 Metaspace       used 19418K, committed 20288K, reserved 1114112K
  class space    used 1663K, committed 2048K, reserved 1048576K
}
Event: 291.122 GC heap after
{Heap after GC invocations=489 (full 0):
 PSYoungGen      total 11776K, used 352K [0x00000000d5580000, 0x00000000d6180000, 0x0000000100000000)
  eden space 11264K, 0% used [0x00000000d5580000,0x00000000d5580000,0x00000000d6080000)
  from space 512K, 68% used [0x00000000d6080000,0x00000000d60d8000,0x00000000d6100000)
  to   space 512K, 0% used [0x00000000d6100000,0x00000000d6100000,0x00000000d6180000)
 ParOldGen       total 554496K, used 554310K [0x0000000080000000, 0x00000000a1d80000, 0x00000000d5580000)
  object space 554496K, 99% used [0x0000000080000000,0x00000000a1d51978,0x00000000a1d80000)
 Metaspace       used 19418K, committed 20288K, reserved 1114112K
  class space    used 1663K, committed 2048K, reserved 1048576K
}
Event: 291.153 GC heap before
{Heap before GC invocations=490 (full 0):
 PSYoungGen      total 11776K, used 11364K [0x00000000d5580000, 0x00000000d6180000, 0x0000000100000000)
  eden space 11264K, 97% used [0x00000000d5580000,0x00000000d60411d0,0x00000000d6080000)
  from space 512K, 68% used [0x00000000d6080000,0x00000000d60d8000,0x00000000d6100000)
  to   space 512K, 0% used [0x00000000d6100000,0x00000000d6100000,0x00000000d6180000)
 ParOldGen       total 560640K, used 560446K [0x0000000080000000, 0x00000000a2380000, 0x00000000d5580000)
  object space 560640K, 99% used [0x0000000080000000,0x00000000a234f940,0x00000000a2380000)
 Metaspace       used 19418K, committed 20288K, reserved 1114112K
  class space    used 1663K, committed 2048K, reserved 1048576K
}
Event: 291.156 GC heap after
{Heap after GC invocations=490 (full 0):
 PSYoungGen      total 11264K, used 489K [0x00000000d5580000, 0x00000000d6280000, 0x0000000100000000)
  eden space 10752K, 0% used [0x00000000d5580000,0x00000000d5580000,0x00000000d6000000)
  from space 512K, 95% used [0x00000000d6100000,0x00000000d617a6a0,0x00000000d6180000)
  to   space 1024K, 0% used [0x00000000d6000000,0x00000000d6000000,0x00000000d6100000)
 ParOldGen       total 561152K, used 560798K [0x0000000080000000, 0x00000000a2400000, 0x00000000d5580000)
  object space 561152K, 99% used [0x0000000080000000,0x00000000a23a7940,0x00000000a2400000)
 Metaspace       used 19418K, committed 20288K, reserved 1114112K
  class space    used 1663K, committed 2048K, reserved 1048576K
}
Event: 291.234 GC heap before
{Heap before GC invocations=491 (full 0):
 PSYoungGen      total 11264K, used 11241K [0x00000000d5580000, 0x00000000d6280000, 0x0000000100000000)
  eden space 10752K, 100% used [0x00000000d5580000,0x00000000d6000000,0x00000000d6000000)
  from space 512K, 95% used [0x00000000d6100000,0x00000000d617a6a0,0x00000000d6180000)
  to   space 1024K, 0% used [0x00000000d6000000,0x00000000d6000000,0x00000000d6100000)
 ParOldGen       total 567296K, used 566934K [0x0000000080000000, 0x00000000a2a00000, 0x00000000d5580000)
  object space 567296K, 99% used [0x0000000080000000,0x00000000a29a5908,0x00000000a2a00000)
 Metaspace       used 19432K, committed 20288K, reserved 1114112K
  class space    used 1663K, committed 2048K, reserved 1048576K
}
Event: 291.237 GC heap after
{Heap after GC invocations=491 (full 0):
 PSYoungGen      total 11776K, used 352K [0x00000000d5580000, 0x00000000d6200000, 0x0000000100000000)
  eden space 10752K, 0% used [0x00000000d5580000,0x00000000d5580000,0x00000000d6000000)
  from space 1024K, 34% used [0x00000000d6000000,0x00000000d6058000,0x00000000d6100000)
  to   space 1024K, 0% used [0x00000000d6100000,0x00000000d6100000,0x00000000d6200000)
 ParOldGen       total 567808K, used 567434K [0x0000000080000000, 0x00000000a2a80000, 0x00000000d5580000)
  object space 567808K, 99% used [0x0000000080000000,0x00000000a2a22960,0x00000000a2a80000)
 Metaspace       used 19432K, committed 20288K, reserved 1114112K
  class space    used 1663K, committed 2048K, reserved 1048576K
}
Event: 291.336 GC heap before
{Heap before GC invocations=492 (full 0):
 PSYoungGen      total 11776K, used 11104K [0x00000000d5580000, 0x00000000d6200000, 0x0000000100000000)
  eden space 10752K, 100% used [0x00000000d5580000,0x00000000d6000000,0x00000000d6000000)
  from space 1024K, 34% used [0x00000000d6000000,0x00000000d6058000,0x00000000d6100000)
  to   space 1024K, 0% used [0x00000000d6100000,0x00000000d6100000,0x00000000d6200000)
 ParOldGen       total 567808K, used 567434K [0x0000000080000000, 0x00000000a2a80000, 0x00000000d5580000)
  object space 567808K, 99% used [0x0000000080000000,0x00000000a2a22960,0x00000000a2a80000)
 Metaspace       used 19538K, committed 20480K, reserved 1114112K
  class space    used 1664K, committed 2048K, reserved 1048576K
}
Event: 291.337 GC heap after
{Heap after GC invocations=492 (full 0):
 PSYoungGen      total 11264K, used 480K [0x00000000d5580000, 0x00000000d6180000, 0x0000000100000000)
  eden space 10752K, 0% used [0x00000000d5580000,0x00000000d5580000,0x00000000d6000000)
  from space 512K, 93% used [0x00000000d6100000,0x00000000d6178000,0x00000000d6180000)
  to   space 512K, 0% used [0x00000000d6080000,0x00000000d6080000,0x00000000d6100000)
 ParOldGen       total 567808K, used 567556K [0x0000000080000000, 0x00000000a2a80000, 0x00000000d5580000)
  object space 567808K, 99% used [0x0000000080000000,0x00000000a2a41260,0x00000000a2a80000)
 Metaspace       used 19538K, committed 20480K, reserved 1114112K
  class space    used 1664K, committed 2048K, reserved 1048576K
}
Event: 291.432 GC heap before
{Heap before GC invocations=493 (full 0):
 PSYoungGen      total 11264K, used 11232K [0x00000000d5580000, 0x00000000d6180000, 0x0000000100000000)
  eden space 10752K, 100% used [0x00000000d5580000,0x00000000d6000000,0x00000000d6000000)
  from space 512K, 93% used [0x00000000d6100000,0x00000000d6178000,0x00000000d6180000)
  to   space 512K, 0% used [0x00000000d6080000,0x00000000d6080000,0x00000000d6100000)
 ParOldGen       total 567808K, used 567556K [0x0000000080000000, 0x00000000a2a80000, 0x00000000d5580000)
  object space 567808K, 99% used [0x0000000080000000,0x00000000a2a41260,0x00000000a2a80000)
 Metaspace       used 19567K, committed 20480K, reserved 1114112K
  class space    used 1664K, committed 2048K, reserved 1048576K
}
Event: 291.434 GC heap after
{Heap after GC invocations=493 (full 0):
 PSYoungGen      total 11264K, used 512K [0x00000000d5580000, 0x00000000d6200000, 0x0000000100000000)
  eden space 10752K, 0% used [0x00000000d5580000,0x00000000d5580000,0x00000000d6000000)
  from space 512K, 100% used [0x00000000d6080000,0x00000000d6100000,0x00000000d6100000)
  to   space 1024K, 0% used [0x00000000d6100000,0x00000000d6100000,0x00000000d6200000)
 ParOldGen       total 567808K, used 567791K [0x0000000080000000, 0x00000000a2a80000, 0x00000000d5580000)
  object space 567808K, 99% used [0x0000000080000000,0x00000000a2a7bea0,0x00000000a2a80000)
 Metaspace       used 19567K, committed 20480K, reserved 1114112K
  class space    used 1664K, committed 2048K, reserved 1048576K
}
Event: 291.784 GC heap before
{Heap before GC invocations=494 (full 0):
 PSYoungGen      total 11264K, used 11264K [0x00000000d5580000, 0x00000000d6200000, 0x0000000100000000)
  eden space 10752K, 100% used [0x00000000d5580000,0x00000000d6000000,0x00000000d6000000)
  from space 512K, 100% used [0x00000000d6080000,0x00000000d6100000,0x00000000d6100000)
  to   space 1024K, 0% used [0x00000000d6100000,0x00000000d6100000,0x00000000d6200000)
 ParOldGen       total 567808K, used 567791K [0x0000000080000000, 0x00000000a2a80000, 0x00000000d5580000)
  object space 567808K, 99% used [0x0000000080000000,0x00000000a2a7bea0,0x00000000a2a80000)
 Metaspace       used 19620K, committed 20480K, reserved 1114112K
  class space    used 1671K, committed 2048K, reserved 1048576K
}
Event: 291.787 GC heap after
{Heap after GC invocations=494 (full 0):
 PSYoungGen      total 11264K, used 384K [0x00000000d5580000, 0x00000000d6180000, 0x0000000100000000)
  eden space 10752K, 0% used [0x00000000d5580000,0x00000000d5580000,0x00000000d6000000)
  from space 512K, 75% used [0x00000000d6100000,0x00000000d6160000,0x00000000d6180000)
  to   space 512K, 0% used [0x00000000d6080000,0x00000000d6080000,0x00000000d6100000)
 ParOldGen       total 568320K, used 568061K [0x0000000080000000, 0x00000000a2b00000, 0x00000000d5580000)
  object space 568320K, 99% used [0x0000000080000000,0x00000000a2abf660,0x00000000a2b00000)
 Metaspace       used 19620K, committed 20480K, reserved 1114112K
  class space    used 1671K, committed 2048K, reserved 1048576K
}

Dll operation events (12 events):
Event: 0.082 Loaded shared library c:\Users\vince\.vscode\extensions\redhat.java-1.51.2025123108-win32-x64\jre\21.0.9-win32-x86_64\bin\java.dll
Event: 0.527 Loaded shared library c:\Users\vince\.vscode\extensions\redhat.java-1.51.2025123108-win32-x64\jre\21.0.9-win32-x86_64\bin\zip.dll
Event: 0.531 Loaded shared library C:\Users\vince\.vscode\extensions\redhat.java-1.51.2025123108-win32-x64\jre\21.0.9-win32-x86_64\bin\instrument.dll
Event: 0.540 Loaded shared library C:\Users\vince\.vscode\extensions\redhat.java-1.51.2025123108-win32-x64\jre\21.0.9-win32-x86_64\bin\net.dll
Event: 0.544 Loaded shared library C:\Users\vince\.vscode\extensions\redhat.java-1.51.2025123108-win32-x64\jre\21.0.9-win32-x86_64\bin\nio.dll
Event: 0.549 Loaded shared library C:\Users\vince\.vscode\extensions\redhat.java-1.51.2025123108-win32-x64\jre\21.0.9-win32-x86_64\bin\zip.dll
Event: 0.580 Loaded shared library C:\Users\vince\.vscode\extensions\redhat.java-1.51.2025123108-win32-x64\jre\21.0.9-win32-x86_64\bin\jimage.dll
Event: 0.676 Loaded shared library c:\Users\vince\.vscode\extensions\redhat.java-1.51.2025123108-win32-x64\jre\21.0.9-win32-x86_64\bin\verify.dll
Event: 10.810 Loaded shared library C:\Users\vince\AppData\Roaming\Code\User\globalStorage\redhat.java\1.51.2025123108\config_win\org.eclipse.equinox.launcher\org.eclipse.equinox.launcher.win32.win32.x86_64_1.2.1400.v20250801-0854\eclipse_11916.dll
Event: 18.080 Loaded shared library C:\Users\vince\AppData\Local\Temp\jna-81674653\jna11736731826167381469.dll
Event: 25.982 Loaded shared library C:\Users\vince\.vscode\extensions\redhat.java-1.51.2025123108-win32-x64\jre\21.0.9-win32-x86_64\bin\sunmscapi.dll
Event: 26.544 Loaded shared library C:\Users\vince\.vscode\extensions\redhat.java-1.51.2025123108-win32-x64\jre\21.0.9-win32-x86_64\bin\extnet.dll

Deoptimization events (20 events):
Event: 323.691 Thread 0x000001e5e706cd00 Uncommon trap: trap_request=0xffffffde fr.pc=0x000001e58f8f54f8 relative=0x0000000000000718
Event: 323.691 Thread 0x000001e5e706cd00 Uncommon trap: reason=class_check action=maybe_recompile pc=0x000001e58f8f54f8 method=org.eclipse.core.internal.dtree.DeltaDataTree.getData(Lorg/eclipse/core/runtime/IPath;)Ljava/lang/Object; @ 20 c2
Event: 323.691 Thread 0x000001e5e706cd00 DEOPT PACKING pc=0x000001e58f8f54f8 sp=0x00000055df1fecc0
Event: 323.691 Thread 0x000001e5e706cd00 DEOPT UNPACKING pc=0x000001e58ebf3aa2 sp=0x00000055df1fec68 mode 2
Event: 323.691 Thread 0x000001e5e706cd00 Uncommon trap: trap_request=0xffffffde fr.pc=0x000001e58f8f54f8 relative=0x0000000000000718
Event: 323.691 Thread 0x000001e5e706cd00 Uncommon trap: reason=class_check action=maybe_recompile pc=0x000001e58f8f54f8 method=org.eclipse.core.internal.dtree.DeltaDataTree.getData(Lorg/eclipse/core/runtime/IPath;)Ljava/lang/Object; @ 20 c2
Event: 323.691 Thread 0x000001e5e706cd00 DEOPT PACKING pc=0x000001e58f8f54f8 sp=0x00000055df1fecc0
Event: 323.691 Thread 0x000001e5e706cd00 DEOPT UNPACKING pc=0x000001e58ebf3aa2 sp=0x00000055df1fec68 mode 2
Event: 323.691 Thread 0x000001e5e706cd00 Uncommon trap: trap_request=0xffffffde fr.pc=0x000001e58f8f54f8 relative=0x0000000000000718
Event: 323.691 Thread 0x000001e5e706cd00 Uncommon trap: reason=class_check action=maybe_recompile pc=0x000001e58f8f54f8 method=org.eclipse.core.internal.dtree.DeltaDataTree.getData(Lorg/eclipse/core/runtime/IPath;)Ljava/lang/Object; @ 20 c2
Event: 323.691 Thread 0x000001e5e706cd00 DEOPT PACKING pc=0x000001e58f8f54f8 sp=0x00000055df1fecc0
Event: 323.691 Thread 0x000001e5e706cd00 DEOPT UNPACKING pc=0x000001e58ebf3aa2 sp=0x00000055df1fec68 mode 2
Event: 1308.331 Thread 0x000001e5e96bb640 Uncommon trap: trap_request=0xffffffde fr.pc=0x000001e58f7b7bec relative=0x000000000000582c
Event: 1308.332 Thread 0x000001e5e96bb640 Uncommon trap: reason=class_check action=maybe_recompile pc=0x000001e58f7b7bec method=org.eclipse.jdt.internal.core.JavaModelManager.determineIfOnClasspath(Lorg/eclipse/core/resources/IResource;Lorg/eclipse/jdt/core/IJavaProject;)Lorg/eclipse/jdt/core/IJa
Event: 1308.333 Thread 0x000001e5e96bb640 DEOPT PACKING pc=0x000001e58f7b7bec sp=0x00000055e08ff290
Event: 1308.335 Thread 0x000001e5e96bb640 DEOPT UNPACKING pc=0x000001e58ebf3aa2 sp=0x00000055e08ff270 mode 2
Event: 1310.306 Thread 0x000001e5e70728e0 Uncommon trap: trap_request=0xffffff45 fr.pc=0x000001e58f620d00 relative=0x0000000000000f20
Event: 1310.307 Thread 0x000001e5e70728e0 Uncommon trap: reason=unstable_if action=reinterpret pc=0x000001e58f620d00 method=org.eclipse.core.runtime.Path.toString()Ljava/lang/String; @ 6 c2
Event: 1310.307 Thread 0x000001e5e70728e0 DEOPT PACKING pc=0x000001e58f620d00 sp=0x00000055df7fe610
Event: 1310.308 Thread 0x000001e5e70728e0 DEOPT UNPACKING pc=0x000001e58ebf3aa2 sp=0x00000055df7fe5d8 mode 2

Classes loaded (20 events):
Event: 28.615 Loading class sun/security/provider/certpath/OCSPResponse$SingleResponse
Event: 28.615 Loading class sun/security/provider/certpath/OCSP$RevocationStatus
Event: 28.615 Loading class sun/security/provider/certpath/OCSP$RevocationStatus done
Event: 28.615 Loading class sun/security/provider/certpath/OCSPResponse$SingleResponse done
Event: 28.615 Loading class sun/security/provider/certpath/CertId
Event: 28.615 Loading class sun/security/provider/certpath/CertId done
Event: 28.616 Loading class sun/security/provider/certpath/OCSP$RevocationStatus$CertStatus
Event: 28.616 Loading class sun/security/provider/certpath/OCSP$RevocationStatus$CertStatus done
Event: 28.619 Loading class sun/security/rsa/RSASignature$SHA384withRSA
Event: 28.619 Loading class sun/security/rsa/RSASignature$SHA384withRSA done
Event: 28.636 Loading class sun/security/rsa/MGF1
Event: 28.637 Loading class sun/security/rsa/MGF1 done
Event: 32.154 Loading class sun/util/resources/cldr/TimeZoneNames_en_US
Event: 32.154 Loading class sun/util/resources/cldr/TimeZoneNames_en_US done
Event: 284.127 Loading class javax/crypto/AEADBadTagException
Event: 284.145 Loading class javax/crypto/AEADBadTagException done
Event: 284.152 Loading class javax/net/ssl/SSLHandshakeException
Event: 284.154 Loading class javax/net/ssl/SSLException
Event: 284.156 Loading class javax/net/ssl/SSLException done
Event: 284.156 Loading class javax/net/ssl/SSLHandshakeException done

Classes unloaded (0 events):
No events

Classes redefined (0 events):
No events

Internal exceptions (20 events):
Event: 323.472 Thread 0x000001e5e706cd00 Exception <a 'sun/nio/fs/WindowsException'{0x00000000d5991b18}> (0x00000000d5991b18) 
thrown [s\src\hotspot\share\prims\jni.cpp, line 520]
Event: 323.473 Thread 0x000001e5e706cd00 Exception <a 'sun/nio/fs/WindowsException'{0x00000000d59957c0}> (0x00000000d59957c0) 
thrown [s\src\hotspot\share\prims\jni.cpp, line 520]
Event: 323.473 Thread 0x000001e5e706cd00 Exception <a 'sun/nio/fs/WindowsException'{0x00000000d59962f8}> (0x00000000d59962f8) 
thrown [s\src\hotspot\share\prims\jni.cpp, line 520]
Event: 323.473 Thread 0x000001e5e706cd00 Exception <a 'sun/nio/fs/WindowsException'{0x00000000d5998048}> (0x00000000d5998048) 
thrown [s\src\hotspot\share\prims\jni.cpp, line 520]
Event: 323.473 Thread 0x000001e5e706cd00 Exception <a 'sun/nio/fs/WindowsException'{0x00000000d5998bb8}> (0x00000000d5998bb8) 
thrown [s\src\hotspot\share\prims\jni.cpp, line 520]
Event: 323.473 Thread 0x000001e5e706cd00 Exception <a 'sun/nio/fs/WindowsException'{0x00000000d599a920}> (0x00000000d599a920) 
thrown [s\src\hotspot\share\prims\jni.cpp, line 520]
Event: 323.473 Thread 0x000001e5e706cd00 Exception <a 'sun/nio/fs/WindowsException'{0x00000000d599b458}> (0x00000000d599b458) 
thrown [s\src\hotspot\share\prims\jni.cpp, line 520]
Event: 323.473 Thread 0x000001e5e706cd00 Exception <a 'sun/nio/fs/WindowsException'{0x00000000d599cf50}> (0x00000000d599cf50) 
thrown [s\src\hotspot\share\prims\jni.cpp, line 520]
Event: 323.473 Thread 0x000001e5e706cd00 Exception <a 'sun/nio/fs/WindowsException'{0x00000000d599dab0}> (0x00000000d599dab0) 
thrown [s\src\hotspot\share\prims\jni.cpp, line 520]
Event: 323.474 Thread 0x000001e5e706cd00 Exception <a 'sun/nio/fs/WindowsException'{0x00000000d599f800}> (0x00000000d599f800) 
thrown [s\src\hotspot\share\prims\jni.cpp, line 520]
Event: 323.474 Thread 0x000001e5e706cd00 Exception <a 'sun/nio/fs/WindowsException'{0x00000000d59a0370}> (0x00000000d59a0370) 
thrown [s\src\hotspot\share\prims\jni.cpp, line 520]
Event: 323.474 Thread 0x000001e5e706cd00 Exception <a 'sun/nio/fs/WindowsException'{0x00000000d59a20d8}> (0x00000000d59a20d8) 
thrown [s\src\hotspot\share\prims\jni.cpp, line 520]
Event: 323.474 Thread 0x000001e5e706cd00 Exception <a 'sun/nio/fs/WindowsException'{0x00000000d59a2c10}> (0x00000000d59a2c10) 
thrown [s\src\hotspot\share\prims\jni.cpp, line 520]
Event: 323.474 Thread 0x000001e5e706cd00 Exception <a 'sun/nio/fs/WindowsException'{0x00000000d59a46d8}> (0x00000000d59a46d8) 
thrown [s\src\hotspot\share\prims\jni.cpp, line 520]
Event: 323.474 Thread 0x000001e5e706cd00 Exception <a 'sun/nio/fs/WindowsException'{0x00000000d59a5290}> (0x00000000d59a5290) 
thrown [s\src\hotspot\share\prims\jni.cpp, line 520]
Event: 323.475 Thread 0x000001e5e706cd00 Exception <a 'sun/nio/fs/WindowsException'{0x00000000d59a88a0}> (0x00000000d59a88a0) 
thrown [s\src\hotspot\share\prims\jni.cpp, line 520]
Event: 323.475 Thread 0x000001e5e706cd00 Exception <a 'sun/nio/fs/WindowsException'{0x00000000d59a9408}> (0x00000000d59a9408) 
thrown [s\src\hotspot\share\prims\jni.cpp, line 520]
Event: 323.475 Thread 0x000001e5e706cd00 Exception <a 'sun/nio/fs/WindowsException'{0x00000000d59ab1f8}> (0x00000000d59ab1f8) 
thrown [s\src\hotspot\share\prims\jni.cpp, line 520]
Event: 323.475 Thread 0x000001e5e706cd00 Exception <a 'sun/nio/fs/WindowsException'{0x00000000d59abd70}> (0x00000000d59abd70) 
thrown [s\src\hotspot\share\prims\jni.cpp, line 520]
Event: 323.476 Thread 0x000001e5e706cd00 Implicit null exception at 0x000001e58f447003 to 0x000001e58f4472a8

ZGC Phase Switch (0 events):
No events

VM Operations (20 events):
Event: 1082.489 Executing VM operation: RendezvousGCThreads
Event: 1082.489 Executing VM operation: RendezvousGCThreads done
Event: 1122.602 Executing VM operation: Cleanup
Event: 1122.602 Executing VM operation: Cleanup done
Event: 1142.496 Executing VM operation: HandshakeAllThreads (HandshakeForDeflation)
Event: 1142.496 Executing VM operation: HandshakeAllThreads (HandshakeForDeflation) done
Event: 1142.496 Executing VM operation: RendezvousGCThreads
Event: 1142.496 Executing VM operation: RendezvousGCThreads done
Event: 1262.745 Executing VM operation: HandshakeAllThreads (HandshakeForDeflation)
Event: 1262.750 Executing VM operation: HandshakeAllThreads (HandshakeForDeflation) done
Event: 1262.750 Executing VM operation: RendezvousGCThreads
Event: 1262.750 Executing VM operation: RendezvousGCThreads done
Event: 1307.896 Executing VM operation: Cleanup
Event: 1308.005 Executing VM operation: Cleanup done
Event: 1309.008 Executing VM operation: Cleanup
Event: 1309.011 Executing VM operation: Cleanup done
Event: 1310.012 Executing VM operation: Cleanup
Event: 1310.013 Executing VM operation: Cleanup done
Event: 1311.013 Executing VM operation: Cleanup
Event: 1311.013 Executing VM operation: Cleanup done

Memory protections (0 events):
No events

Nmethod flushes (0 events):
No events

Events (20 events):
Event: 323.486 Thread 0x000001e5ea60b640 Thread exited: 0x000001e5ea60b640
Event: 323.486 Thread 0x000001e5ea60afb0 Thread exited: 0x000001e5ea60afb0
Event: 323.487 Thread 0x000001e5e846cc90 Thread exited: 0x000001e5e846cc90
Event: 323.487 Thread 0x000001e5ea60eac0 Thread exited: 0x000001e5ea60eac0
Event: 323.487 Thread 0x000001e5ea60d710 Thread exited: 0x000001e5ea60d710
Event: 323.487 Thread 0x000001e5ea60d080 Thread exited: 0x000001e5ea60d080
Event: 323.487 Thread 0x000001e5ea60c360 Thread exited: 0x000001e5ea60c360
Event: 323.830 Thread 0x000001e5e83b12a0 Thread exited: 0x000001e5e83b12a0
Event: 349.760 Thread 0x000001e5ea60fe70 Thread exited: 0x000001e5ea60fe70
Event: 409.772 Thread 0x000001e5ea609c00 Thread exited: 0x000001e5ea609c00
Event: 443.834 Thread 0x000001e5e96b8850 Thread exited: 0x000001e5e96b8850
Event: 469.777 Thread 0x000001e5e7073600 Thread exited: 0x000001e5e7073600
Event: 529.781 Thread 0x000001e5ea60a290 Thread exited: 0x000001e5ea60a290
Event: 589.792 Thread 0x000001e5e7070ea0 Thread exited: 0x000001e5e7070ea0
Event: 649.797 Thread 0x000001e5ea610b90 Thread exited: 0x000001e5ea610b90
Event: 709.800 Thread 0x000001e5ea610500 Thread exited: 0x000001e5ea610500
Event: 769.804 Thread 0x000001e5ea611220 Thread exited: 0x000001e5ea611220
Event: 829.811 Thread 0x000001e5ea60dda0 Thread exited: 0x000001e5ea60dda0
Event: 889.818 Thread 0x000001e5e96b4020 Thread exited: 0x000001e5e96b4020
Event: 949.825 Thread 0x000001e5ea60f7e0 Thread exited: 0x000001e5ea60f7e0


Dynamic libraries:
0x00007ff66e170000 - 0x00007ff66e17e000 	c:\Users\vince\.vscode\extensions\redhat.java-1.51.2025123108-win32-x64\jre\21.0.9-win32-x86_64\bin\java.exe
0x00007ffa79510000 - 0x00007ffa79728000 	C:\WINDOWS\SYSTEM32\ntdll.dll
0x00007ffa78890000 - 0x00007ffa78954000 	C:\WINDOWS\System32\KERNEL32.DLL
0x00007ffa76c60000 - 0x00007ffa77033000 	C:\WINDOWS\System32\KERNELBASE.dll
0x00007ffa766a0000 - 0x00007ffa767b1000 	C:\WINDOWS\System32\ucrtbase.dll
0x00007ffa00bf0000 - 0x00007ffa00c08000 	c:\Users\vince\.vscode\extensions\redhat.java-1.51.2025123108-win32-x64\jre\21.0.9-win32-x86_64\bin\jli.dll
0x00007ffa00c50000 - 0x00007ffa00c6e000 	c:\Users\vince\.vscode\extensions\redhat.java-1.51.2025123108-win32-x64\jre\21.0.9-win32-x86_64\bin\VCRUNTIME140.dll
0x00007ffa77e40000 - 0x00007ffa77ff2000 	C:\WINDOWS\System32\USER32.dll
0x00007ffa63c80000 - 0x00007ffa63f1c000 	C:\WINDOWS\WinSxS\amd64_microsoft.windows.common-controls_6595b64144ccf1df_6.0.22621.6060_none_2712eda17382d24b\COMCTL32.dll
0x00007ffa76a50000 - 0x00007ffa76a76000 	C:\WINDOWS\System32\win32u.dll
0x00007ffa779b0000 - 0x00007ffa779d9000 	C:\WINDOWS\System32\GDI32.dll
0x00007ffa76a80000 - 0x00007ffa76b9b000 	C:\WINDOWS\System32\gdi32full.dll
0x00007ffa767c0000 - 0x00007ffa7685a000 	C:\WINDOWS\System32\msvcp_win.dll
0x00007ffa789d0000 - 0x00007ffa78a77000 	C:\WINDOWS\System32\msvcrt.dll
0x00007ffa787f0000 - 0x00007ffa78821000 	C:\WINDOWS\System32\IMM32.DLL
0x00007ffa3abf0000 - 0x00007ffa3abfc000 	c:\Users\vince\.vscode\extensions\redhat.java-1.51.2025123108-win32-x64\jre\21.0.9-win32-x86_64\bin\vcruntime140_1.dll
0x00007ff9ba770000 - 0x00007ff9ba7fd000 	c:\Users\vince\.vscode\extensions\redhat.java-1.51.2025123108-win32-x64\jre\21.0.9-win32-x86_64\bin\msvcp140.dll
0x00007ff9b4060000 - 0x00007ff9b4e00000 	c:\Users\vince\.vscode\extensions\redhat.java-1.51.2025123108-win32-x64\jre\21.0.9-win32-x86_64\bin\server\jvm.dll
0x00007ffa779e0000 - 0x00007ffa77a91000 	C:\WINDOWS\System32\ADVAPI32.dll
0x00007ffa78730000 - 0x00007ffa787d8000 	C:\WINDOWS\System32\sechost.dll
0x00007ffa76a20000 - 0x00007ffa76a48000 	C:\WINDOWS\System32\bcrypt.dll
0x00007ffa77b30000 - 0x00007ffa77c48000 	C:\WINDOWS\System32\RPCRT4.dll
0x00007ffa771b0000 - 0x00007ffa77221000 	C:\WINDOWS\System32\WS2_32.dll
0x00007ffa764f0000 - 0x00007ffa7653d000 	C:\WINDOWS\SYSTEM32\POWRPROF.dll
0x00007ffa72270000 - 0x00007ffa722a4000 	C:\WINDOWS\SYSTEM32\WINMM.dll
0x00007ffa6c960000 - 0x00007ffa6c96a000 	C:\WINDOWS\SYSTEM32\VERSION.dll
0x00007ffa764d0000 - 0x00007ffa764e3000 	C:\WINDOWS\SYSTEM32\UMPDC.dll
0x00007ffa75560000 - 0x00007ffa75578000 	C:\WINDOWS\SYSTEM32\kernel.appcore.dll
0x00007ffa1fe60000 - 0x00007ffa1fe6a000 	c:\Users\vince\.vscode\extensions\redhat.java-1.51.2025123108-win32-x64\jre\21.0.9-win32-x86_64\bin\jimage.dll
0x00007ffa6ce50000 - 0x00007ffa6d083000 	C:\WINDOWS\SYSTEM32\DBGHELP.DLL
0x00007ffa77460000 - 0x00007ffa777f1000 	C:\WINDOWS\System32\combase.dll
0x00007ffa77c50000 - 0x00007ffa77d28000 	C:\WINDOWS\System32\OLEAUT32.dll
0x00007ffa6a850000 - 0x00007ffa6a882000 	C:\WINDOWS\SYSTEM32\dbgcore.DLL
0x00007ffa76860000 - 0x00007ffa768db000 	C:\WINDOWS\System32\bcryptPrimitives.dll
0x00007ff9f2730000 - 0x00007ff9f273f000 	c:\Users\vince\.vscode\extensions\redhat.java-1.51.2025123108-win32-x64\jre\21.0.9-win32-x86_64\bin\instrument.dll
0x00007ff9e9c70000 - 0x00007ff9e9c90000 	c:\Users\vince\.vscode\extensions\redhat.java-1.51.2025123108-win32-x64\jre\21.0.9-win32-x86_64\bin\java.dll
0x00007ffa78b20000 - 0x00007ffa793bc000 	C:\WINDOWS\System32\SHELL32.dll
0x00007ffa768e0000 - 0x00007ffa76a1f000 	C:\WINDOWS\System32\wintypes.dll
0x00007ffa744d0000 - 0x00007ffa74dea000 	C:\WINDOWS\SYSTEM32\windows.storage.dll
0x00007ffa78040000 - 0x00007ffa78144000 	C:\WINDOWS\System32\SHCORE.dll
0x00007ffa78960000 - 0x00007ffa789c9000 	C:\WINDOWS\System32\shlwapi.dll
0x00007ffa76550000 - 0x00007ffa76575000 	C:\WINDOWS\SYSTEM32\profapi.dll
0x00007ff9cbda0000 - 0x00007ff9cbdb8000 	c:\Users\vince\.vscode\extensions\redhat.java-1.51.2025123108-win32-x64\jre\21.0.9-win32-x86_64\bin\zip.dll
0x00007ff9e0fd0000 - 0x00007ff9e0fe0000 	C:\Users\vince\.vscode\extensions\redhat.java-1.51.2025123108-win32-x64\jre\21.0.9-win32-x86_64\bin\net.dll
0x00007ffa72a50000 - 0x00007ffa72b7c000 	C:\WINDOWS\SYSTEM32\WINHTTP.dll
0x00007ffa75a80000 - 0x00007ffa75ae9000 	C:\WINDOWS\system32\mswsock.dll
0x00007ff9ba750000 - 0x00007ff9ba766000 	C:\Users\vince\.vscode\extensions\redhat.java-1.51.2025123108-win32-x64\jre\21.0.9-win32-x86_64\bin\nio.dll
0x00007ff9ba740000 - 0x00007ff9ba750000 	c:\Users\vince\.vscode\extensions\redhat.java-1.51.2025123108-win32-x64\jre\21.0.9-win32-x86_64\bin\verify.dll
0x00007ffa3b350000 - 0x00007ffa3b394000 	C:\Users\vince\AppData\Roaming\Code\User\globalStorage\redhat.java\1.51.2025123108\config_win\org.eclipse.equinox.launcher\org.eclipse.equinox.launcher.win32.win32.x86_64_1.2.1400.v20250801-0854\eclipse_11916.dll
0x00007ffa77800000 - 0x00007ffa779a1000 	C:\WINDOWS\System32\ole32.dll
0x00007ffa75dd0000 - 0x00007ffa75deb000 	C:\WINDOWS\SYSTEM32\CRYPTSP.dll
0x00007ffa75520000 - 0x00007ffa75557000 	C:\WINDOWS\system32\rsaenh.dll
0x00007ffa75b20000 - 0x00007ffa75b48000 	C:\WINDOWS\SYSTEM32\USERENV.dll
0x00007ffa75db0000 - 0x00007ffa75dbc000 	C:\WINDOWS\SYSTEM32\CRYPTBASE.dll
0x00007ffa75050000 - 0x00007ffa7507d000 	C:\WINDOWS\SYSTEM32\IPHLPAPI.DLL
0x00007ffa78000000 - 0x00007ffa78009000 	C:\WINDOWS\System32\NSI.dll
0x00007ffa34f90000 - 0x00007ffa34fd9000 	C:\Users\vince\AppData\Local\Temp\jna-81674653\jna11736731826167381469.dll
0x00007ffa787e0000 - 0x00007ffa787e8000 	C:\WINDOWS\System32\PSAPI.DLL
0x00007ffa72c40000 - 0x00007ffa72c59000 	C:\WINDOWS\SYSTEM32\dhcpcsvc6.DLL
0x00007ffa72860000 - 0x00007ffa7287f000 	C:\WINDOWS\SYSTEM32\dhcpcsvc.DLL
0x00007ffa4ea70000 - 0x00007ffa4ea7e000 	C:\Users\vince\.vscode\extensions\redhat.java-1.51.2025123108-win32-x64\jre\21.0.9-win32-x86_64\bin\sunmscapi.dll
0x00007ffa77040000 - 0x00007ffa771a8000 	C:\WINDOWS\System32\CRYPT32.dll
0x00007ffa75ef0000 - 0x00007ffa75f1e000 	C:\WINDOWS\SYSTEM32\ncrypt.dll
0x00007ffa75eb0000 - 0x00007ffa75ee7000 	C:\WINDOWS\SYSTEM32\NTASN1.dll
0x00007ffa75080000 - 0x00007ffa75178000 	C:\WINDOWS\SYSTEM32\DNSAPI.dll
0x00007ffa6f580000 - 0x00007ffa6f58a000 	C:\Windows\System32\rasadhlp.dll
0x00007ffa724a0000 - 0x00007ffa72524000 	C:\WINDOWS\System32\fwpuclnt.dll
0x00007ffa4ea60000 - 0x00007ffa4ea69000 	C:\Users\vince\.vscode\extensions\redhat.java-1.51.2025123108-win32-x64\jre\21.0.9-win32-x86_64\bin\extnet.dll

JVMTI agents:
c:\Users\vince\.vscode\extensions\redhat.java-1.51.2025123108-win32-x64\lombok\lombok-1.18.39-4050.jar path:c:\Users\vince\.vscode\extensions\redhat.java-1.51.2025123108-win32-x64\jre\21.0.9-win32-x86_64\bin\instrument.dll, loaded, initialized, instrumentlib options:none

dbghelp: loaded successfully - version: 4.0.5 - missing functions: none
symbol engine: initialized successfully - sym options: 0x614 - pdb path: .;c:\Users\vince\.vscode\extensions\redhat.java-1.51.2025123108-win32-x64\jre\21.0.9-win32-x86_64\bin;C:\WINDOWS\SYSTEM32;C:\WINDOWS\WinSxS\amd64_microsoft.windows.common-controls_6595b64144ccf1df_6.0.22621.6060_none_2712eda17382d24b;c:\Users\vince\.vscode\extensions\redhat.java-1.51.2025123108-win32-x64\jre\21.0.9-win32-x86_64\bin\server;C:\Users\vince\AppData\Roaming\Code\User\globalStorage\redhat.java\1.51.2025123108\config_win\org.eclipse.equinox.launcher\org.eclipse.equinox.launcher.win32.win32.x86_64_1.2.1400.v20250801-0854;C:\Users\vince\AppData\Local\Temp\jna-81674653

VM Arguments:
jvm_args: --add-modules=ALL-SYSTEM --add-opens=java.base/java.util=ALL-UNNAMED --add-opens=java.base/java.lang=ALL-UNNAMED --add-opens=java.base/sun.nio.fs=ALL-UNNAMED -Declipse.application=org.eclipse.jdt.ls.core.id1 -Dosgi.bundles.defaultStartLevel=4 -Declipse.product=org.eclipse.jdt.ls.core.product -Djava.import.generatesMetadataFilesAtProjectRoot=false -DDetectVMInstallationsJob.disabled=true -Dfile.encoding=utf8 -XX:+UseParallelGC -XX:GCTimeRatio=4 -XX:AdaptiveSizePolicyWeight=90 -Dsun.zip.disableMemoryMapping=true -Xmx2G -Xms100m -Xlog:disable -javaagent:c:\Users\vince\.vscode\extensions\redhat.java-1.51.2025123108-win32-x64\lombok\lombok-1.18.39-4050.jar -XX:+HeapDumpOnOutOfMemoryError -XX:HeapDumpPath=c:\Users\vince\AppData\Roaming\Code\User\workspaceStorage\912498d1c3dc78b63a90bcac8d176a4b\redhat.java -Daether.dependencyCollector.impl=bf -XX:+UnlockDiagnosticVMOptions -XX:+AllowArchivingWithJavaAgent -XX:+AutoCreateSharedArchive -XX:SharedArchiveFile=c:\Users\vince\AppData\Roaming\Code\User\globalStorage\redhat.java\1.51.2025123108\jdtls.jsa 
java_command: c:\Users\vince\.vscode\extensions\redhat.java-1.51.2025123108-win32-x64\server\plugins\org.eclipse.equinox.launcher_1.7.100.v20251111-0406.jar -configuration c:\Users\vince\AppData\Roaming\Code\User\globalStorage\redhat.java\1.51.2025123108\config_win -data c:\Users\vince\AppData\Roaming\Code\User\workspaceStorage\912498d1c3dc78b63a90bcac8d176a4b\redhat.java\jdt_ws --pipe=\\.\pipe\lsp-3309493235a0fdfd39dc87094378a579-sock
java_class_path (initial): c:\Users\vince\.vscode\extensions\redhat.java-1.51.2025123108-win32-x64\server\plugins\org.eclipse.equinox.launcher_1.7.100.v20251111-0406.jar
Launcher Type: SUN_STANDARD

[Global flags]
    uintx AdaptiveSizePolicyWeight                 = 90                                        {product} {command line}
     bool AllowArchivingWithJavaAgent              = true                             {JVMCI diagnostic} {command line}
     bool AutoCreateSharedArchive                  = false                               {JVMCI product} {command line}
     intx CICompilerCount                          = 4                                         {product} {ergonomic}
    uintx GCTimeRatio                              = 4                                         {product} {command line}
     bool HeapDumpOnOutOfMemoryError               = true                                   {manageable} {command line}
    ccstr HeapDumpPath                             = c:\Users\vince\AppData\Roaming\Code\User\workspaceStorage\912498d1c3dc78b63a90bcac8d176a4b\redhat.java         {manageable} {command line}
   size_t InitialHeapSize                          = 104857600                                 {product} {command line}
   size_t MaxHeapSize                              = 2147483648                                {product} {command line}
   size_t MaxNewSize                               = 715653120                                 {product} {ergonomic}
   size_t MinHeapDeltaBytes                        = 524288                                    {product} {ergonomic}
   size_t MinHeapSize                              = 104857600                                 {product} {command line}
   size_t NewSize                                  = 34603008                                  {product} {ergonomic}
    uintx NonNMethodCodeHeapSize                   = 5839372                                {pd product} {ergonomic}
    uintx NonProfiledCodeHeapSize                  = 122909434                              {pd product} {ergonomic}
   size_t OldSize                                  = 70254592                                  {product} {ergonomic}
    uintx ProfiledCodeHeapSize                     = 122909434                              {pd product} {ergonomic}
    uintx ReservedCodeCacheSize                    = 251658240                              {pd product} {ergonomic}
     bool SegmentedCodeCache                       = true                                      {product} {ergonomic}
    ccstr SharedArchiveFile                        = c:\Users\vince\AppData\Roaming\Code\User\globalStorage\redhat.java\1.51.2025123108\jdtls.jsa      {JVMCI product} {command line}
   size_t SoftMaxHeapSize                          = 2147483648                             {manageable} {ergonomic}
     bool UnlockDiagnosticVMOptions                = true                                   {diagnostic} {command line}
     bool UseCompressedOops                        = true                           {product lp64_product} {ergonomic}
     bool UseLargePagesIndividualAllocation        = false                                  {pd product} {ergonomic}
     bool UseParallelGC                            = true                                      {product} {command line}

Logging:
Log output configuration:
 #0: stdout all=off uptime,level,tags foldmultilines=false
 #1: stderr all=off uptime,level,tags foldmultilines=false

Release file:
JAVA_VERSION="21.0.9" 
MODULES="java.base java.compiler java.datatransfer java.xml java.prefs java.desktop java.instrument java.logging java.management java.security.sasl java.naming java.rmi java.management.rmi java.net.http java.scripting java.security.jgss java.transaction.xa java.sql java.sql.rowset java.xml.crypto java.se java.smartcardio jdk.accessibility jdk.internal.jvmstat jdk.attach jdk.charsets jdk.internal.opt jdk.zipfs jdk.compiler jdk.crypto.ec jdk.crypto.cryptoki jdk.crypto.mscapi jdk.dynalink jdk.internal.ed jdk.editpad jdk.hotspot.agent jdk.httpserver jdk.internal.le jdk.internal.vm.ci jdk.internal.vm.compiler jdk.internal.vm.compiler.management jdk.jartool jdk.javadoc jdk.jcmd jdk.management jdk.management.agent jdk.jconsole jdk.jdeps jdk.jdwp.agent jdk.jdi jdk.jfr jdk.jshell jdk.jsobject jdk.jstatd jdk.localedata jdk.management.jfr jdk.naming.dns jdk.naming.rmi jdk.net jdk.nio.mapmode jdk.random jdk.sctp jdk.security.auth jdk.security.jgss jdk.unsupported jdk.unsupported.desktop jdk.xml.dom" 

Environment Variables:
JAVA_HOME=C:\Users\vince\Microsoft\JDK 17
PATH=C:\Program Files\Common Files\Oracle\Java\javapath;C:\WINDOWS\system32;C:\WINDOWS;C:\WINDOWS\System32\Wbem;C:\WINDOWS\System32\WindowsPowerShell\v1.0\;C:\Program Files\Microsoft\JDK 17\\bin;C:\WINDOWS\System32\OpenSSH\;C:\Program Files\cursor\resources\app\bin;C:\Program Files\nodejs\;C:\Users\vince\AppData\Local\Programs\Python\Launcher\;C:\Users\vince\AppData\Local\Microsoft\WindowsApps;C:\Users\vince\AppData\Local\Programs\Microsoft VS Code\bin;C:\Users\vince\AppData\Roaming\npm;C:\Users\vince\AppData\Local\GitHubDesktop\bin;C:\Program Files\Java\jdk-25\bin;C:\Users\vince\AppData\Local\Android\Sdk\platform-tools;C:\Users\vince\AppData\Local\Android\Sdk\emulator;C:\Program Files\dotnet\;C:\Program Files\Git\cmd;C:\gradle\gradle-8.13\bin;C:\Users\vince\flutter\bin;C:\Users\vince\Microsoft\JDK 17\bin;C:\Users\vince\AppData\Local\Android\Sdk\platform-tools;C:\Users\vince\AppData\Local\Android\Sdk\tools;C:\Users\vince\AppData\Local\jdk-11.0.2\bin;C:\Users\vince\AppData\Local\Programs\Python\Launcher\;C:\Users\vince\AppData\Local\Microsoft\WindowsApps;C:\Users\vince\AppData\Local\Programs\Microsoft VS Code\bin;C:\Users\vince\AppData\Roaming\npm;C:\Users\vince\AppData\Local\GitHubDesktop\bin;C:\Users\vince\AppData\Local\Google\Cloud SDK\google-cloud-sdk\bin;
USERNAME=VINCE
OS=Windows_NT
PROCESSOR_IDENTIFIER=AMD64 Family 23 Model 104 Stepping 1, AuthenticAMD
TMP=C:\Users\vince\AppData\Local\Temp
TEMP=C:\Users\vince\AppData\Local\Temp




Periodic native trim disabled

---------------  S Y S T E M  ---------------

OS:
 Windows 11 , 64 bit Build 22621 (10.0.22621.5415)
OS uptime: 0 days 0:44 hours
Hyper-V role detected

CPU: total 12 (initial active 12) (12 cores per cpu, 2 threads per core) family 23 model 104 stepping 1 microcode 0x0, cx8, cmov, fxsr, ht, mmx, 3dnowpref, sse, sse2, sse3, ssse3, sse4a, sse4.1, sse4.2, popcnt, lzcnt, tsc, tscinvbit, avx, avx2, aes, clmul, bmi1, bmi2, adx, sha, fma, vzeroupper, clflush, clflushopt, hv, rdtscp, rdpid, f16c
Processor Information for the first 12 processors :
  Max Mhz: 2100, Current Mhz: 1893, Mhz Limit: 2100

Memory: 4k page, system-wide physical 5989M (258M free)
TotalPageFile size 21989M (AvailPageFile size 87M)
current process WorkingSet (physical memory assigned to process): 13M, peak: 505M
current process commit charge ("private bytes"): 840M, peak: 889M

vm_info: OpenJDK 64-Bit Server VM (21.0.9+10-LTS) for windows-amd64 JRE (21.0.9+10-LTS), built on 2025-10-21T00:00:00Z by "admin" with unknown MS VC++:1942

END.
